0 verbose cli C:\Program Files\nodejs\node.exe C:\Users\Programmer II\AppData\Roaming\npm\node_modules\npm\bin\npm-cli.js
1 info using npm@8.12.2
2 info using node@v16.13.0
3 timing npm:load:whichnode Completed in 0ms
4 timing config:load:defaults Completed in 4ms
5 timing config:load:file:C:\Users\Programmer II\AppData\Roaming\npm\node_modules\npm\npmrc Completed in 5ms
6 timing config:load:builtin Completed in 5ms
7 timing config:load:cli Completed in 3ms
8 timing config:load:env Completed in 1ms
9 timing config:load:file:c:\Users\Programmer II\Documents\Projects\project-angular-14\.npmrc Completed in 0ms
10 timing config:load:project Completed in 4ms
11 timing config:load:file:C:\Users\Programmer II\.npmrc Completed in 1ms
12 timing config:load:user Completed in 2ms
13 timing config:load:file:C:\Users\Programmer II\AppData\Roaming\npm\etc\npmrc Completed in 1ms
14 timing config:load:global Completed in 1ms
15 timing config:load:validate Completed in 0ms
16 timing config:load:credentials Completed in 2ms
17 timing config:load:setEnvs Completed in 1ms
18 timing config:load Completed in 25ms
19 timing npm:load:configload Completed in 25ms
20 timing npm:load:mkdirpcache Completed in 4ms
21 timing npm:load:mkdirplogs Completed in 2ms
22 verbose title npm ls
23 verbose argv "ls" "--depth" "0" "--json"
24 timing npm:load:setTitle Completed in 1ms
25 timing config:load:flatten Completed in 3ms
26 timing npm:load:display Completed in 4ms
27 verbose logfile logs-max:10 dir:C:\Users\Programmer II\Documents\Projects\project-angular-14\tmpnodejsnpm-cache\_logs
28 verbose logfile C:\Users\Programmer II\Documents\Projects\project-angular-14\tmpnodejsnpm-cache\_logs\2022-06-16T15_38_39_497Z-debug-0.log
29 timing npm:load:logFile Completed in 10ms
30 timing npm:load:timers Completed in 0ms
31 timing npm:load:configScope Completed in 0ms
32 timing npm:load Completed in 47ms
33 timing arborist:ctor Completed in 1ms
34 silly logfile done cleaning log files
35 timing arborist:ctor Completed in 1ms
36 timing command:ls Completed in 1172ms
37 verbose exit 0
38 timing npm Completed in 1406ms
39 info ok
